<?xml version="1.0" encoding="utf-8"?><testsuites name="pytest tests"><testsuite name="pytest" errors="0" failures="0" skipped="0" tests="15" time="6.295" timestamp="2026-09-16T00:16:52.020303+00:00" hostname="agent-env-fc854c68-5e9b-44e3-8531-18a53b46408b"><testcase classname="tests.test_new_features.TestConsultation" name="test_slots_weekday" time="0.771" /><testcase classname="tests.test_new_features.TestEvidenceUpload" name="test_upload_success_and_serve" time="1.345" /><testcase classname="tests.test_new_features.TestConsultation" name="test_slots_weekend_none_available" time="0.155" /><testcase classname="tests.test_new_features.TestConsultation" name="test_essential_forbidden_book" time="0.606" /><testcase classname="tests.test_new_features.TestEvidenceUpload" name="test_upload_reject_mime" time="0.257" /><testcase classname="tests.test_new_features.TestConsultation" name="test_book_collision_and_cancel" time="0.726" /><testcase classname="tests.test_new_features.TestEvidenceUpload" name="test_upload_reject_too_large" time="1.071" /><testcase classname="tests.test_new_features.TestAdminIntegration" name="test_admin_notifications" time="0.523" /><testcase classname="tests.test_new_features.TestAdminIntegration" name="test_google_status" time="0.270" /><testcase classname="tests.test_new_features.TestQuestionnaire" name="test_create_update_duplicate_delete" time="1.372" /><testcase classname="tests.test_new_features.TestAdminIntegration" name="test_google_connect_url" time="0.139" /><testcase classname="tests.test_new_features.TestQCFlow" name="test_revision_notifies_shopper_and_logs_email" time="1.640" /><testcase classname="tests.test_new_features.TestQuestionnaire" name="test_delete_blocks_if_in_use" time="0.556" /><testcase classname="tests.test_new_features.TestShopperAssignment" name="test_assignment_returns_questionnaire" time="0.299" /><testcase classname="tests.test_new_features.TestProjectPublish" name="test_report_published_notify_and_email" time="0.958" /></testsuite></testsuites>