<?xml version="1.0" encoding="utf-8"?><testsuites name="pytest tests"><testsuite name="pytest" errors="0" failures="0" skipped="0" tests="55" time="27.248" timestamp="2026-09-16T00:17:02.471728+00:00" hostname="agent-env-fc854c68-5e9b-44e3-8531-18a53b46408b"><testcase classname="tests.backend_test.TestAuth" name="test_demo_logins[admin]" time="0.605" /><testcase classname="tests.backend_test.TestAdmin" name="test_dashboard" time="0.610" /><testcase classname="tests.backend_test.TestAuth" name="test_demo_logins[essential]" time="0.637" /><testcase classname="tests.backend_test.TestAdmin" name="test_admin_list[clients]" time="0.637" /><testcase classname="tests.backend_test.TestAuth" name="test_demo_logins[insight]" time="1.142" /><testcase classname="tests.backend_test.TestAdmin" name="test_admin_list[shoppers]" time="1.121" /><testcase classname="tests.backend_test.TestAdmin" name="test_admin_list[applications]" time="0.599" /><testcase classname="tests.backend_test.TestAuth" name="test_demo_logins[performance]" time="0.591" /><testcase classname="tests.backend_test.TestAdmin" name="test_admin_list[projects]" time="0.598" /><testcase classname="tests.backend_test.TestAuth" name="test_demo_logins[shopper]" time="0.585" /><testcase classname="tests.backend_test.TestAuth" name="test_login_invalid" time="0.363" /><testcase classname="tests.backend_test.TestAdmin" name="test_admin_list[invoices]" time="0.871" /><testcase classname="tests.backend_test.TestAuth" name="test_me" time="0.652" /><testcase classname="tests.backend_test.TestAdmin" name="test_admin_list[outlets]" time="0.552" /><testcase classname="tests.backend_test.TestAuth" name="test_me_unauth" time="0.244" /><testcase classname="tests.backend_test.TestClient" name="test_essential_entitlements" time="1.213" /><testcase classname="tests.backend_test.TestAdmin" name="test_admin_list[companies]" time="1.417" /><testcase classname="tests.backend_test.TestClient" name="test_insight_entitlements" time="0.510" /><testcase classname="tests.backend_test.TestAdmin" name="test_admin_list[questionnaires]" time="0.644" /><testcase classname="tests.backend_test.TestClient" name="test_performance_entitlements" time="0.866" /><testcase classname="tests.backend_test.TestAdmin" name="test_admin_list[packages]" time="0.487" /><testcase classname="tests.backend_test.TestClient" name="test_reports[essential-PRJ-1001]" time="0.643" /><testcase classname="tests.backend_test.TestAdmin" name="test_admin_list[addons]" time="0.652" /><testcase classname="tests.backend_test.TestClient" name="test_reports[insight-PRJ-1002]" time="0.653" /><testcase classname="tests.backend_test.TestAdmin" name="test_admin_forbidden_for_client" time="0.634" /><testcase classname="tests.backend_test.TestClient" name="test_reports[performance-PRJ-1003]" time="0.644" /><testcase classname="tests.backend_test.TestAdmin" name="test_cms_update_and_reflect" time="0.933" /><testcase classname="tests.backend_test.TestClient" name="test_report_forbidden_for_other_client" time="0.513" /><testcase classname="tests.backend_test.TestAdmin" name="test_package_edit" time="0.822" /><testcase classname="tests.backend_test.TestClient" name="test_pay_invoice" time="1.278" /><testcase classname="tests.backend_test.TestAdmin" name="test_addon_toggle" time="0.897" /><testcase classname="tests.backend_test.TestPublic" name="test_packages" time="0.128" /><testcase classname="tests.backend_test.TestPublic" name="test_addons" time="0.158" /><testcase classname="tests.backend_test.TestPublic" name="test_cms" time="0.131" /><testcase classname="tests.backend_test.TestAdmin" name="test_application_action" time="0.863" /><testcase classname="tests.backend_test.TestPublic" name="test_score_thresholds" time="0.300" /><testcase classname="tests.test_new_features.TestConsultation" name="test_slots_weekday" time="0.527" /><testcase classname="tests.backend_test.TestAdmin" name="test_project_publish" time="0.747" /><testcase classname="tests.test_new_features.TestConsultation" name="test_slots_weekend_none_available" time="0.321" /><testcase classname="tests.test_new_features.TestConsultation" name="test_essential_forbidden_book" time="0.722" /><testcase classname="tests.test_new_features.TestEvidenceUpload" name="test_upload_success_and_serve" time="0.752" /><testcase classname="tests.test_new_features.TestConsultation" name="test_book_collision_and_cancel" time="0.840" /><testcase classname="tests.test_new_features.TestEvidenceUpload" name="test_upload_reject_mime" time="0.268" /><testcase classname="tests.test_new_features.TestEvidenceUpload" name="test_upload_reject_too_large" time="0.969" /><testcase classname="tests.test_new_features.TestAdminIntegration" name="test_admin_notifications" time="0.508" /><testcase classname="tests.test_new_features.TestAdminIntegration" name="test_google_status" time="0.147" /><testcase classname="tests.test_new_features.TestAdminIntegration" name="test_google_connect_url" time="0.146" /><testcase classname="tests.backend_test.TestShopper" name="test_home" time="0.487" /><testcase classname="tests.test_new_features.TestQuestionnaire" name="test_create_update_duplicate_delete" time="1.208" /><testcase classname="tests.backend_test.TestShopper" name="test_assignment_detail" time="0.721" /><testcase classname="tests.test_new_features.TestQuestionnaire" name="test_delete_blocks_if_in_use" time="8.169" /><testcase classname="tests.test_new_features.TestShopperAssignment" name="test_assignment_returns_questionnaire" time="0.910" /><testcase classname="tests.test_new_features.TestQCFlow" name="test_revision_notifies_shopper_and_logs_email" time="5.839" /><testcase classname="tests.backend_test.TestOnboarding" name="test_register_and_onboard" time="0.654" /><testcase classname="tests.test_new_features.TestProjectPublish" name="test_report_published_notify_and_email" time="1.606" /></testsuite></testsuites>