<?xml version="1.0" encoding="utf-8"?><testsuites name="pytest tests"><testsuite name="pytest" errors="0" failures="1" skipped="0" tests="40" time="13.886" timestamp="2026-09-15T23:42:13.169424+00:00" hostname="agent-env-fc854c68-5e9b-44e3-8531-18a53b46408b"><testcase classname="tests.backend_test.TestAdmin" name="test_dashboard" time="1.057" /><testcase classname="tests.backend_test.TestAuth" name="test_demo_logins[admin]" time="0.543" /><testcase classname="tests.backend_test.TestAuth" name="test_demo_logins[essential]" time="0.499" /><testcase classname="tests.backend_test.TestAuth" name="test_demo_logins[insight]" time="0.358" /><testcase classname="tests.backend_test.TestAdmin" name="test_admin_list[clients]" time="0.861" /><testcase classname="tests.backend_test.TestAuth" name="test_demo_logins[performance]" time="0.509" /><testcase classname="tests.backend_test.TestAuth" name="test_demo_logins[shopper]" time="0.381" /><testcase classname="tests.backend_test.TestAdmin" name="test_admin_list[shoppers]" time="0.873" /><testcase classname="tests.backend_test.TestAuth" name="test_login_invalid" time="0.504" /><testcase classname="tests.backend_test.TestAdmin" name="test_admin_list[applications]" time="0.604" /><testcase classname="tests.backend_test.TestAuth" name="test_me" time="0.736" /><testcase classname="tests.backend_test.TestAdmin" name="test_admin_list[projects]" time="0.783" /><testcase classname="tests.backend_test.TestAuth" name="test_me_unauth" time="0.273" /><testcase classname="tests.backend_test.TestClient" name="test_essential_entitlements" time="0.762" /><testcase classname="tests.backend_test.TestAdmin" name="test_admin_list[invoices]" time="0.555" /><testcase classname="tests.backend_test.TestClient" name="test_insight_entitlements" time="0.670" /><testcase classname="tests.backend_test.TestAdmin" name="test_admin_list[outlets]" time="0.904" /><testcase classname="tests.backend_test.TestClient" name="test_performance_entitlements" time="0.797"><failure message="AssertionError: assert 're_audit' in {'actionable_recommendations', 'audit_list', 'basic_report', 'benchmarking', 'best_outlet', 'billing', ...}">backend/tests/backend_test.py:107: in test_performance_entitlements
    assert "re_audit" in ents
E   AssertionError: assert 're_audit' in {'actionable_recommendations', 'audit_list', 'basic_report', 'benchmarking', 'best_outlet', 'billing', ...}</failure></testcase><testcase classname="tests.backend_test.TestAdmin" name="test_admin_list[companies]" time="0.833" /><testcase classname="tests.backend_test.TestClient" name="test_reports[essential-PRJ-1001]" time="0.472" /><testcase classname="tests.backend_test.TestAdmin" name="test_admin_list[questionnaires]" time="0.648" /><testcase classname="tests.backend_test.TestClient" name="test_reports[insight-PRJ-1002]" time="0.672" /><testcase classname="tests.backend_test.TestAdmin" name="test_admin_list[packages]" time="0.638" /><testcase classname="tests.backend_test.TestClient" name="test_reports[performance-PRJ-1003]" time="0.869" /><testcase classname="tests.backend_test.TestAdmin" name="test_admin_list[addons]" time="0.547" /><testcase classname="tests.backend_test.TestClient" name="test_report_forbidden_for_other_client" time="0.680" /><testcase classname="tests.backend_test.TestAdmin" name="test_admin_forbidden_for_client" time="0.880" /><testcase classname="tests.backend_test.TestClient" name="test_pay_invoice" time="1.005" /><testcase classname="tests.backend_test.TestAdmin" name="test_cms_update_and_reflect" time="0.779" /><testcase classname="tests.backend_test.TestPublic" name="test_packages" time="0.176" /><testcase classname="tests.backend_test.TestAdmin" name="test_package_edit" time="0.991" /><testcase classname="tests.backend_test.TestPublic" name="test_addons" time="0.131" /><testcase classname="tests.backend_test.TestPublic" name="test_cms" time="0.248" /><testcase classname="tests.backend_test.TestPublic" name="test_score_thresholds" time="0.158" /><testcase classname="tests.backend_test.TestShopper" name="test_home" time="0.815" /><testcase classname="tests.backend_test.TestAdmin" name="test_addon_toggle" time="0.959" /><testcase classname="tests.backend_test.TestShopper" name="test_assignment_detail" time="0.955" /><testcase classname="tests.backend_test.TestAdmin" name="test_application_action" time="0.787" /><testcase classname="tests.backend_test.TestOnboarding" name="test_register_and_onboard" time="0.914" /><testcase classname="tests.backend_test.TestAdmin" name="test_project_publish" time="0.575" /></testsuite></testsuites>